
real	0m0.133s
user	0m0.517s
sys	0m0.042s
./sortrace.sh: line 48: ./mysort: No such file or directory

real	0m0.000s
user	0m0.000s
sys	0m0.000s

real	0m0.138s
user	0m0.504s
sys	0m0.057s
./sortrace.sh: line 23: ./mysort: No such file or directory

real	0m0.000s
user	0m0.000s
sys	0m0.000s

real	0m0.144s
user	0m0.511s
sys	0m0.050s
./sortrace.sh: line 23: ./mysort: No such file or directory

real	0m0.000s
user	0m0.000s
sys	0m0.000s

real	0m0.130s
user	0m0.475s
sys	0m0.042s
./sortrace.sh: line 23: ./mysort: No such file or directory

real	0m0.000s
user	0m0.000s
sys	0m0.000s
./sortrace.sh: line 16: ./mysort: No such file or directory

real	0m0.000s
user	0m0.000s
sys	0m0.000s
sort: open failed: ./mysort.out: No such file or directory

real	0m0.135s
user	0m0.406s
sys	0m0.129s
./sortrace.sh: line 23: ./mysort: No such file or directory

real	0m0.000s
user	0m0.000s
sys	0m0.000s
